0 info it worked if it ends with ok
1 verbose cli [ 'node', '/usr/local/bin/npm', 'install', '-g', 'doctoc' ]
2 info using npm@1.3.11
3 info using node@v0.10.20
4 verbose cache add [ 'doctoc', null ]
5 verbose cache add name=undefined spec="doctoc" args=["doctoc",null]
6 verbose parsed url { protocol: null,
6 verbose parsed url   slashes: null,
6 verbose parsed url   auth: null,
6 verbose parsed url   host: null,
6 verbose parsed url   port: null,
6 verbose parsed url   hostname: null,
6 verbose parsed url   hash: null,
6 verbose parsed url   search: null,
6 verbose parsed url   query: null,
6 verbose parsed url   pathname: 'doctoc',
6 verbose parsed url   path: 'doctoc',
6 verbose parsed url   href: 'doctoc' }
7 silly lockFile 02be5a86-doctoc doctoc
8 verbose lock doctoc /Users/jamiansell/.npm/02be5a86-doctoc.lock
9 silly lockFile 02be5a86-doctoc doctoc
10 silly lockFile 02be5a86-doctoc doctoc
11 verbose addNamed [ 'doctoc', '' ]
12 verbose addNamed [ null, '*' ]
13 silly lockFile 06e4c5b2-doctoc doctoc@
14 verbose lock doctoc@ /Users/jamiansell/.npm/06e4c5b2-doctoc.lock
15 silly addNameRange { name: 'doctoc', range: '*', hasData: false }
16 verbose url raw doctoc
17 verbose url resolving [ 'https://registry.npmjs.org/', './doctoc' ]
18 verbose url resolved https://registry.npmjs.org/doctoc
19 info trying registry request attempt 1 at 13:43:55
20 http GET https://registry.npmjs.org/doctoc
21 http 200 https://registry.npmjs.org/doctoc
22 silly registry.get cb [ 200,
22 silly registry.get   { vary: 'Accept',
22 silly registry.get     server: 'CouchDB/1.3.1 (Erlang OTP/R15B03)',
22 silly registry.get     etag: '"95J5CYJBIFVJMC2RQ4SE3V9AQ"',
22 silly registry.get     date: 'Wed, 16 Oct 2013 17:43:56 GMT',
22 silly registry.get     'content-type': 'application/json',
22 silly registry.get     'content-length': '24228' } ]
23 silly addNameRange number 2 { name: 'doctoc', range: '*', hasData: true }
24 silly addNameRange versions [ 'doctoc',
24 silly addNameRange   [ '0.0.1',
24 silly addNameRange     '0.0.2',
24 silly addNameRange     '0.0.3',
24 silly addNameRange     '0.1.0',
24 silly addNameRange     '0.2.0',
24 silly addNameRange     '0.2.1',
24 silly addNameRange     '0.3.0',
24 silly addNameRange     '0.4.0',
24 silly addNameRange     '0.4.1',
24 silly addNameRange     '0.4.2',
24 silly addNameRange     '0.4.3' ] ]
25 verbose addNamed [ 'doctoc', '0.4.3' ]
26 verbose addNamed [ '0.4.3', '0.4.3' ]
27 silly lockFile 3616d544-doctoc-0-4-3 doctoc@0.4.3
28 verbose lock doctoc@0.4.3 /Users/jamiansell/.npm/3616d544-doctoc-0-4-3.lock
29 silly lockFile 342129aa-pmjs-org-doctoc-doctoc-0-4-3-tgz https://registry.npmjs.org/doctoc/-/doctoc-0.4.3.tgz
30 verbose lock https://registry.npmjs.org/doctoc/-/doctoc-0.4.3.tgz /Users/jamiansell/.npm/342129aa-pmjs-org-doctoc-doctoc-0-4-3-tgz.lock
31 verbose addRemoteTarball [ 'https://registry.npmjs.org/doctoc/-/doctoc-0.4.3.tgz',
31 verbose addRemoteTarball   'f4dcc4df34a9c87f853f24c5b0d81d4b94c47538' ]
32 info retry fetch attempt 1 at 13:43:56
33 verbose fetch to= /var/folders/5m/_5qpxy7j72927gg2sz_f46dw0000gp/T/npm-71920-iPNnEt68/1381945436246-0.1393616613931954/tmp.tgz
34 http GET https://registry.npmjs.org/doctoc/-/doctoc-0.4.3.tgz
35 http 200 https://registry.npmjs.org/doctoc/-/doctoc-0.4.3.tgz
36 verbose tar unpack /var/folders/5m/_5qpxy7j72927gg2sz_f46dw0000gp/T/npm-71920-iPNnEt68/1381945436246-0.1393616613931954/tmp.tgz
37 silly lockFile f0003b57-36246-0-1393616613931954-package tar:///var/folders/5m/_5qpxy7j72927gg2sz_f46dw0000gp/T/npm-71920-iPNnEt68/1381945436246-0.1393616613931954/package
38 verbose lock tar:///var/folders/5m/_5qpxy7j72927gg2sz_f46dw0000gp/T/npm-71920-iPNnEt68/1381945436246-0.1393616613931954/package /Users/jamiansell/.npm/f0003b57-36246-0-1393616613931954-package.lock
39 silly lockFile 04b15bb4-36246-0-1393616613931954-tmp-tgz tar:///var/folders/5m/_5qpxy7j72927gg2sz_f46dw0000gp/T/npm-71920-iPNnEt68/1381945436246-0.1393616613931954/tmp.tgz
40 verbose lock tar:///var/folders/5m/_5qpxy7j72927gg2sz_f46dw0000gp/T/npm-71920-iPNnEt68/1381945436246-0.1393616613931954/tmp.tgz /Users/jamiansell/.npm/04b15bb4-36246-0-1393616613931954-tmp-tgz.lock
41 silly gunzTarPerm modes [ '755', '644' ]
42 silly gunzTarPerm extractEntry package.json
43 silly gunzTarPerm extractEntry .npmignore
44 silly gunzTarPerm extractEntry README.md
45 silly gunzTarPerm extractEntry LICENSE
46 silly gunzTarPerm extractEntry doctoc.js
47 silly gunzTarPerm extractEntry .travis.yml
48 silly gunzTarPerm extractEntry lib/file.js
49 silly gunzTarPerm extractEntry lib/transform.js
50 silly gunzTarPerm extractEntry test/lib/transform.js
51 silly lockFile f0003b57-36246-0-1393616613931954-package tar:///var/folders/5m/_5qpxy7j72927gg2sz_f46dw0000gp/T/npm-71920-iPNnEt68/1381945436246-0.1393616613931954/package
52 silly lockFile f0003b57-36246-0-1393616613931954-package tar:///var/folders/5m/_5qpxy7j72927gg2sz_f46dw0000gp/T/npm-71920-iPNnEt68/1381945436246-0.1393616613931954/package
53 silly lockFile 04b15bb4-36246-0-1393616613931954-tmp-tgz tar:///var/folders/5m/_5qpxy7j72927gg2sz_f46dw0000gp/T/npm-71920-iPNnEt68/1381945436246-0.1393616613931954/tmp.tgz
54 silly lockFile 04b15bb4-36246-0-1393616613931954-tmp-tgz tar:///var/folders/5m/_5qpxy7j72927gg2sz_f46dw0000gp/T/npm-71920-iPNnEt68/1381945436246-0.1393616613931954/tmp.tgz
55 verbose tar pack [ '/Users/jamiansell/.npm/doctoc/0.4.3/package.tgz',
55 verbose tar pack   '/var/folders/5m/_5qpxy7j72927gg2sz_f46dw0000gp/T/npm-71920-iPNnEt68/1381945436246-0.1393616613931954/package' ]
56 verbose tarball /Users/jamiansell/.npm/doctoc/0.4.3/package.tgz
57 verbose folder /var/folders/5m/_5qpxy7j72927gg2sz_f46dw0000gp/T/npm-71920-iPNnEt68/1381945436246-0.1393616613931954/package
58 silly lockFile f0003b57-36246-0-1393616613931954-package tar:///var/folders/5m/_5qpxy7j72927gg2sz_f46dw0000gp/T/npm-71920-iPNnEt68/1381945436246-0.1393616613931954/package
59 verbose lock tar:///var/folders/5m/_5qpxy7j72927gg2sz_f46dw0000gp/T/npm-71920-iPNnEt68/1381945436246-0.1393616613931954/package /Users/jamiansell/.npm/f0003b57-36246-0-1393616613931954-package.lock
60 silly lockFile 278137d9-ell-npm-doctoc-0-4-3-package-tgz tar:///Users/jamiansell/.npm/doctoc/0.4.3/package.tgz
61 verbose lock tar:///Users/jamiansell/.npm/doctoc/0.4.3/package.tgz /Users/jamiansell/.npm/278137d9-ell-npm-doctoc-0-4-3-package-tgz.lock
62 silly lockFile f0003b57-36246-0-1393616613931954-package tar:///var/folders/5m/_5qpxy7j72927gg2sz_f46dw0000gp/T/npm-71920-iPNnEt68/1381945436246-0.1393616613931954/package
63 silly lockFile f0003b57-36246-0-1393616613931954-package tar:///var/folders/5m/_5qpxy7j72927gg2sz_f46dw0000gp/T/npm-71920-iPNnEt68/1381945436246-0.1393616613931954/package
64 silly lockFile 278137d9-ell-npm-doctoc-0-4-3-package-tgz tar:///Users/jamiansell/.npm/doctoc/0.4.3/package.tgz
65 silly lockFile 278137d9-ell-npm-doctoc-0-4-3-package-tgz tar:///Users/jamiansell/.npm/doctoc/0.4.3/package.tgz
66 silly lockFile f85c20a2-iansell-npm-doctoc-0-4-3-package /Users/jamiansell/.npm/doctoc/0.4.3/package
67 verbose lock /Users/jamiansell/.npm/doctoc/0.4.3/package /Users/jamiansell/.npm/f85c20a2-iansell-npm-doctoc-0-4-3-package.lock
68 silly lockFile f85c20a2-iansell-npm-doctoc-0-4-3-package /Users/jamiansell/.npm/doctoc/0.4.3/package
69 silly lockFile f85c20a2-iansell-npm-doctoc-0-4-3-package /Users/jamiansell/.npm/doctoc/0.4.3/package
70 verbose tar unpack /Users/jamiansell/.npm/doctoc/0.4.3/package.tgz
71 silly lockFile 680459d9-iansell-npm-doctoc-0-4-3-package tar:///Users/jamiansell/.npm/doctoc/0.4.3/package
72 verbose lock tar:///Users/jamiansell/.npm/doctoc/0.4.3/package /Users/jamiansell/.npm/680459d9-iansell-npm-doctoc-0-4-3-package.lock
73 silly lockFile 278137d9-ell-npm-doctoc-0-4-3-package-tgz tar:///Users/jamiansell/.npm/doctoc/0.4.3/package.tgz
74 verbose lock tar:///Users/jamiansell/.npm/doctoc/0.4.3/package.tgz /Users/jamiansell/.npm/278137d9-ell-npm-doctoc-0-4-3-package-tgz.lock
75 silly gunzTarPerm modes [ '755', '644' ]
76 silly gunzTarPerm extractEntry package.json
77 silly gunzTarPerm extractEntry .npmignore
78 silly gunzTarPerm extractEntry README.md
79 silly gunzTarPerm extractEntry LICENSE
80 silly gunzTarPerm extractEntry doctoc.js
81 silly gunzTarPerm extractEntry .travis.yml
82 silly gunzTarPerm extractEntry lib/file.js
83 silly gunzTarPerm extractEntry lib/transform.js
84 silly gunzTarPerm extractEntry test/lib/transform.js
85 silly lockFile 680459d9-iansell-npm-doctoc-0-4-3-package tar:///Users/jamiansell/.npm/doctoc/0.4.3/package
86 silly lockFile 680459d9-iansell-npm-doctoc-0-4-3-package tar:///Users/jamiansell/.npm/doctoc/0.4.3/package
87 silly lockFile 278137d9-ell-npm-doctoc-0-4-3-package-tgz tar:///Users/jamiansell/.npm/doctoc/0.4.3/package.tgz
88 silly lockFile 278137d9-ell-npm-doctoc-0-4-3-package-tgz tar:///Users/jamiansell/.npm/doctoc/0.4.3/package.tgz
89 verbose chmod /Users/jamiansell/.npm/doctoc/0.4.3/package.tgz 644
90 verbose chown /Users/jamiansell/.npm/doctoc/0.4.3/package.tgz [ 502, 20 ]
91 silly lockFile 342129aa-pmjs-org-doctoc-doctoc-0-4-3-tgz https://registry.npmjs.org/doctoc/-/doctoc-0.4.3.tgz
92 silly lockFile 342129aa-pmjs-org-doctoc-doctoc-0-4-3-tgz https://registry.npmjs.org/doctoc/-/doctoc-0.4.3.tgz
93 silly lockFile 3616d544-doctoc-0-4-3 doctoc@0.4.3
94 silly lockFile 3616d544-doctoc-0-4-3 doctoc@0.4.3
95 silly lockFile 06e4c5b2-doctoc doctoc@
96 silly lockFile 06e4c5b2-doctoc doctoc@
97 silly resolved [ { author:
97 silly resolved      { name: 'Thorsten Lorenz',
97 silly resolved        email: 'thlorenz@gmx.de',
97 silly resolved        url: 'thlorenz.com' },
97 silly resolved     name: 'doctoc',
97 silly resolved     description: 'Generates TOC for markdown files of local git repo.',
97 silly resolved     version: '0.4.3',
97 silly resolved     repository: { type: 'git', url: 'git://github.com/thlorenz/doctoc.git' },
97 silly resolved     scripts: { test: 'node test/lib/transform.js' },
97 silly resolved     main: 'doctoc.js',
97 silly resolved     bin: { doctoc: 'doctoc.js' },
97 silly resolved     engines: { node: '>=0.4' },
97 silly resolved     dependencies: { underscore: '>=1.3.3', 'anchor-markdown-header': '~0.3.0' },
97 silly resolved     devDependencies: { trap: '~0.3.2' },
97 silly resolved     license: 'MIT',
97 silly resolved     keywords: [ 'github', 'markdown', 'documentation', 'parser' ],
97 silly resolved     readme: '# DocToc [![build status](https://secure.travis-ci.org/thlorenz/doctoc.png)](http://travis-ci.org/thlorenz/doctoc)\n\nGenerates table of contents for markdown files inside local git repository. Links are compatible with anchors generated\nby github or bitbucket via a command line flag.\n\n**Table of Contents**  *generated with [DocToc](http://doctoc.herokuapp.com/)*\n\n- [Installation](#installation)\n- [Usage](#usage)\n  - [Adding toc to all files in a directory and sub directories](#adding-toc-to-all-files-in-a-directory-and-sub-directories)\n  - [Adding toc to a single file](#adding-toc-to-a-single-file)\n    - [Example](#example)\n  - [Using doctoc to generate bitbucket compatible links](#using-doctoc-to-generate-bitbucket-compatible-links)\n\n## Installation\n\n    npm install -g doctoc\n\n## Usage\n\n### Adding toc to all files in a directory and sub directories\n\nGo into the directory that contains you local git project and type:\n    \n    doctoc .\n\nThis will update all markdown files in the current directory and all its\nsubdirectories with a table of content that will point at the anchors generated\nby the github markdown parser.\n\n### Adding toc to a single file\n\nIf you want to convert only a specific file, do:\n\n    doctoc /path/to/file\n\n#### Example\n\n    doctoc README.md\n\n### Using doctoc to generate bitbucket compatible links\n\nIn order to add a table of contents whose links are compatible with anchors generated by\n[bitbucket](https://bitbucket.org/), supply a `--bitbucket` flag to doctoc.\n\n    doctoc README.md --bitbucket\n',
97 silly resolved     readmeFilename: 'README.md',
97 silly resolved     bugs: { url: 'https://github.com/thlorenz/doctoc/issues' },
97 silly resolved     _id: 'doctoc@0.4.3',
97 silly resolved     dist: { shasum: '2a0862f7cb8acacf191b675e19e16bce1fd76825' },
97 silly resolved     _from: 'doctoc@',
97 silly resolved     _resolved: 'https://registry.npmjs.org/doctoc/-/doctoc-0.4.3.tgz' } ]
98 info install doctoc@0.4.3 into /usr/local/lib
99 info installOne doctoc@0.4.3
100 info /usr/local/lib/node_modules/doctoc unbuild
101 verbose tar unpack /Users/jamiansell/.npm/doctoc/0.4.3/package.tgz
102 silly lockFile fa93e230-sr-local-lib-node-modules-doctoc tar:///usr/local/lib/node_modules/doctoc
103 verbose lock tar:///usr/local/lib/node_modules/doctoc /Users/jamiansell/.npm/fa93e230-sr-local-lib-node-modules-doctoc.lock
104 silly lockFile 278137d9-ell-npm-doctoc-0-4-3-package-tgz tar:///Users/jamiansell/.npm/doctoc/0.4.3/package.tgz
105 verbose lock tar:///Users/jamiansell/.npm/doctoc/0.4.3/package.tgz /Users/jamiansell/.npm/278137d9-ell-npm-doctoc-0-4-3-package-tgz.lock
106 silly gunzTarPerm modes [ '755', '644' ]
107 error Error: EACCES, mkdir '/usr/local/lib/node_modules/doctoc'
107 error  { [Error: EACCES, mkdir '/usr/local/lib/node_modules/doctoc']
107 error   errno: 3,
107 error   code: 'EACCES',
107 error   path: '/usr/local/lib/node_modules/doctoc',
107 error   fstream_type: 'Directory',
107 error   fstream_path: '/usr/local/lib/node_modules/doctoc',
107 error   fstream_class: 'DirWriter',
107 error   fstream_stack:
107 error    [ '/usr/local/lib/node_modules/npm/node_modules/fstream/lib/dir-writer.js:36:23',
107 error      '/usr/local/lib/node_modules/npm/node_modules/mkdirp/index.js:37:53',
107 error      'Object.oncomplete (fs.js:107:15)' ] }
108 error Please try running this command again as root/Administrator.
109 error System Darwin 11.4.2
110 error command "node" "/usr/local/bin/npm" "install" "-g" "doctoc"
111 error cwd /Users/jamiansell/Sites/jamiansell.github.io/_harp
112 error node -v v0.10.20
113 error npm -v 1.3.11
114 error path /usr/local/lib/node_modules/doctoc
115 error fstream_path /usr/local/lib/node_modules/doctoc
116 error fstream_type Directory
117 error fstream_class DirWriter
118 error code EACCES
119 error errno 3
120 error stack Error: EACCES, mkdir '/usr/local/lib/node_modules/doctoc'
121 error fstream_stack /usr/local/lib/node_modules/npm/node_modules/fstream/lib/dir-writer.js:36:23
121 error fstream_stack /usr/local/lib/node_modules/npm/node_modules/mkdirp/index.js:37:53
121 error fstream_stack Object.oncomplete (fs.js:107:15)
122 verbose exit [ 3, true ]
